<?xml version="1.0" encoding="UTF-8"?>
<!-- Generated by org.testng.reporters.JUnitXMLReporter -->
<testsuite ignored="0" hostname="LAPTOP-O9FBVBD9" failures="1" tests="2" name="login" time="12.922" errors="0" timestamp="2023-07-05T00:41:29 IST">
  <testcase classname="com.goibibo.runnerclass" name="login" time="10.268"/>
  <testcase classname="com.goibibo.runnerclass" name="search" time="0.0">
    <failure type="org.testng.TestNGException" message="
Parameter &amp;apos;from&amp;apos; is required by @Test on method search but has not been marked @Optional or defined
in C:\Users\jayak\eclipse-workspace\goibibo\testng.xml">
      <![CDATA[org.testng.TestNGException: 
Parameter 'from' is required by @Test on method search but has not been marked @Optional or defined
in C:\Users\jayak\eclipse-workspace\goibibo\testng.xml
at java.base/java.util.ArrayList.forEach(ArrayList.java:1541)
... Removed 26 stack frames]]>
    </failure>
  </testcase> <!-- search -->
</testsuite> <!-- login -->
