<?xml version="1.0" encoding="UTF-8"?>
<!-- Generated by org.testng.reporters.JUnitXMLReporter -->
<testsuite ignored="0" hostname="LAPTOP-O9FBVBD9" failures="1" tests="2" name="search" time="50.984" errors="0" timestamp="2023-07-05T00:42:20 IST">
  <testcase classname="com.goibibo.runnerclass" name="login" time="0.0">
    <failure type="org.testng.TestNGException" message="
Parameter &amp;apos;mobileno&amp;apos; is required by @Test on method login but has not been marked @Optional or defined
in C:\Users\jayak\eclipse-workspace\goibibo\testng.xml">
      <![CDATA[org.testng.TestNGException: 
Parameter 'mobileno' is required by @Test on method login but has not been marked @Optional or defined
in C:\Users\jayak\eclipse-workspace\goibibo\testng.xml
at java.base/java.util.ArrayList.forEach(ArrayList.java:1541)
... Removed 26 stack frames]]>
    </failure>
  </testcase> <!-- login -->
  <testcase classname="com.goibibo.runnerclass" name="search" time="49.788"/>
</testsuite> <!-- search -->
