<?xml version="1.0" encoding="UTF-8"?>
<!-- Generated by org.testng.reporters.JUnitXMLReporter -->
<testsuite ignored="0" hostname="LAPTOP-O9FBVBD9" failures="1" tests="2" name="Test" time="38.203" errors="0" timestamp="2023-07-04T05:35:36 IST">
  <testcase classname="com.goibibo.runnerclass" name="login" time="18.915"/>
  <testcase classname="com.goibibo.runnerclass" name="search" time="3.005">
    <failure type="java.lang.Error" message="Unresolved compilation problems: 
	Duplicate annotation @FindBy. Repeated annotations are allowed only at source level 1.8 or above
	Syntax error on token &amp;quot;return&amp;quot;, invalid VariableDeclarator
	Duplicate annotation @FindBy. Repeated annotations are allowed only at source level 1.8 or above
	returntab cannot be resolved to a variable
	kid cannot be resolved to a variable
">
      <![CDATA[java.lang.Error: Unresolved compilation problems: 
Duplicate annotation @FindBy. Repeated annotations are allowed only at source level 1.8 or above
Syntax error on token "return", invalid VariableDeclarator
Duplicate annotation @FindBy. Repeated annotations are allowed only at source level 1.8 or above
returntab cannot be resolved to a variable
kid cannot be resolved to a variable

at com.goibibo.Flights.<init>(Flights.java:46)
at com.goibibo.pageobjectmanager.getFlights(pageobjectmanager.java:30)
at com.goibibo.runnerclass.search(runnerclass.java:55)
at java.base/java.util.ArrayList.forEach(ArrayList.java:1541)
... Removed 27 stack frames]]>
    </failure>
  </testcase> <!-- search -->
</testsuite> <!-- Test -->
